<?xml version="1.0" encoding="UTF-8"?>
<!-- Generated by org.testng.reporters.JUnitXMLReporter -->
<testsuite hostname="IN-IT1112" ignored="2" name="HomeTest" tests="1" failures="1" timestamp="20 Apr 2019 14:39:34 GMT" time="3.023" errors="0">
  <testcase name="checkContentOnHomePage" time="0.042" classname="com.qa.amazonTestCases.AmazonHomeTest">
    <failure type="java.lang.AssertionError" message="expected [true] but found [false]">
      <![CDATA[java.lang.AssertionError: expected [true] but found [false]
at com.qa.amazonTestCases.AmazonHomeTest.checkContentOnHomePage(AmazonHomeTest.java:30)
... Removed 29 stack frames]]>
    </failure>
  </testcase> <!-- checkContentOnHomePage -->
  <testcase name="checkTextEnteredInSearchBox" time="0.0" classname="com.qa.amazonTestCases.AmazonHomeTest">
    <ignored/>
  </testcase> <!-- checkTextEnteredInSearchBox -->
  <testcase name="checkLoginFunctionality" time="0.0" classname="com.qa.amazonTestCases.AmazonHomeTest">
    <ignored/>
  </testcase> <!-- checkLoginFunctionality -->
</testsuite> <!-- HomeTest -->
