<?xml version="1.0" encoding="UTF-8"?>
<!-- Generated by org.testng.reporters.JUnitXMLReporter -->
<testsuite hostname="IN-IT1112" ignored="0" name="ProductTest" tests="3" failures="0" timestamp="20 Apr 2019 14:39:50 GMT" time="16.656" errors="0">
  <testcase name="checkProductSearchFuntionality" time="4.241" classname="com.qa.amazonTestCases.AmazonProductsPageTest"/>
  <testcase name="checkProductSearchFuntionality" time="5.838" classname="com.qa.amazonTestCases.AmazonProductsPageTest"/>
  <testcase name="checkProductSearchFuntionality" time="4.648" classname="com.qa.amazonTestCases.AmazonProductsPageTest"/>
</testsuite> <!-- ProductTest -->
