<?xml version="1.0" encoding="UTF-8"?>
<!-- Generated by org.testng.reporters.JUnitXMLReporter -->
<testsuite hostname="IN-IT1112" ignored="0" name="SmokeTest" tests="3" failures="0" timestamp="20 Apr 2019 14:25:49 GMT" time="40.787" errors="0">
  <testcase name="checkProductSearchFuntionality" time="10.791" classname="com.qa.amazonTestCases.AmazonProductsPageTest"/>
  <testcase name="checkProductSearchFuntionality" time="7.91" classname="com.qa.amazonTestCases.AmazonProductsPageTest"/>
  <testcase name="checkProductSearchFuntionality" time="6.159" classname="com.qa.amazonTestCases.AmazonProductsPageTest"/>
</testsuite> <!-- SmokeTest -->
