<?xml version="1.0" encoding="UTF-8"?>
<!-- Generated by org.testng.reporters.JUnitXMLReporter -->
<testsuite hostname="IN-IT1112" ignored="0" name="Test" tests="4" failures="0" timestamp="20 Apr 2019 11:59:34 GMT" time="31.409" errors="0">
  <testcase name="checkProductSearchFuntionality" time="7.088" classname="com.qa.amazonTestCases.AmazonProductsPageTest"/>
  <testcase name="checkContentOnHomePage" time="0.153" classname="com.qa.amazonTestCases.AmazonHomeTest"/>
  <testcase name="checkTextEnteredInSearchBox" time="0.354" classname="com.qa.amazonTestCases.AmazonHomeTest"/>
  <testcase name="checkLoginFunctionality" time="2.248" classname="com.qa.amazonTestCases.AmazonHomeTest"/>
</testsuite> <!-- Test -->
