<?xml version="1.0" encoding="UTF-8"?>
<!-- Generated by org.testng.reporters.JUnitXMLReporter -->
<testsuite hostname="IN-IT1112" ignored="0" name="Command line test" tests="3" failures="0" timestamp="20 Apr 2019 14:11:01 GMT" time="0.088" errors="0">
  <testcase name="@BeforeClass inializeAmazonProductsPageTest" time="0.055" classname="com.qa.amazonTestCases.AmazonProductsPageTest">
    <failure type="java.lang.NullPointerException">
      <![CDATA[java.lang.NullPointerException
at com.qa.amazonTestCases.AmazonProductsPageTest.inializeAmazonProductsPageTest(AmazonProductsPageTest.java:31)
... Removed 36 stack frames]]>
    </failure>
  </testcase> <!-- @BeforeClass inializeAmazonProductsPageTest -->
  <testcase name="checkProductSearchFuntionality" time="0.0" classname="com.qa.amazonTestCases.AmazonProductsPageTest">
    <skipped/>
  </testcase> <!-- checkProductSearchFuntionality -->
  <testcase name="checkProductSearchFuntionality" time="0.0" classname="com.qa.amazonTestCases.AmazonProductsPageTest">
    <skipped/>
  </testcase> <!-- checkProductSearchFuntionality -->
  <testcase name="checkProductSearchFuntionality" time="0.0" classname="com.qa.amazonTestCases.AmazonProductsPageTest">
    <skipped/>
  </testcase> <!-- checkProductSearchFuntionality -->
</testsuite> <!-- Command line test -->
