<?xml version="1.0" encoding="UTF-8"?>
<!-- Generated by org.testng.reporters.JUnitXMLReporter -->
<testsuite hostname="IN-IT1112" ignored="0" name="ProductTest" tests="3" failures="0" timestamp="20 Apr 2019 14:36:19 GMT" time="16.969" errors="0">
  <testcase name="checkProductSearchFuntionality" time="4.875" classname="com.qa.amazonTestCases.AmazonProductsPageTest"/>
  <testcase name="checkProductSearchFuntionality" time="5.123" classname="com.qa.amazonTestCases.AmazonProductsPageTest"/>
  <testcase name="checkProductSearchFuntionality" time="5.079" classname="com.qa.amazonTestCases.AmazonProductsPageTest"/>
</testsuite> <!-- ProductTest -->
