<?xml version="1.0" encoding="UTF-8"?>
<testsuite name="TestSuite" time="13.344" tests="10" errors="0" skipped="0" failures="2">
  <properties>
[...]
</properties>
  <testcase name="checkProductSearchFuntionality" classname="com.qa.amazonTestCases.AmazonProductsPageTest" time="11.086"/>
  <testcase name="checkProductSearchFuntionality" classname="com.qa.amazonTestCases.AmazonProductsPageTest" time="8.372"/>
  <testcase name="checkProductSearchFuntionality" classname="com.qa.amazonTestCases.AmazonProductsPageTest" time="5.858"/>
  <testcase name="checkProductSearchFuntionality" classname="com.qa.amazonTestCases.AmazonProductsPageTest" time="4.875"/>
  <testcase name="checkProductSearchFuntionality" classname="com.qa.amazonTestCases.AmazonProductsPageTest" time="5.124"/>
  <testcase name="checkProductSearchFuntionality" classname="com.qa.amazonTestCases.AmazonProductsPageTest" time="5.079"/>
  <testcase name="checkContentOnHomePage" classname="com.qa.amazonTestCases.AmazonHomeTest" time="0.055">
    <failure message="expected [true] but found [false]" type="java.lang.AssertionError">java.lang.AssertionError: expected [true] but found [false]
	at org.testng.Assert.fail(Assert.java:96)
	at org.testng.Assert.failNotEquals(Assert.java:776)
	at org.testng.Assert.assertTrue(Assert.java:44)
	at org.testng.Assert.assertTrue(Assert.java:54)
	at com.qa.amazonTestCases.AmazonHomeTest.checkContentOnHomePage(AmazonHomeTest.java:30)
</failure>
    <system-out><![CDATA[F:\nancy_workspace\amazonTestCases\src\main\java\Resources\config.properties
]]></system-out>
  </testcase>
  <testcase name="checkContentOnHomePage" classname="com.qa.amazonTestCases.AmazonHomeTest" time="0.068">
    <failure message="expected [true] but found [false]" type="java.lang.AssertionError">java.lang.AssertionError: expected [true] but found [false]
	at org.testng.Assert.fail(Assert.java:96)
	at org.testng.Assert.failNotEquals(Assert.java:776)
	at org.testng.Assert.assertTrue(Assert.java:44)
	at org.testng.Assert.assertTrue(Assert.java:54)
	at com.qa.amazonTestCases.AmazonHomeTest.checkContentOnHomePage(AmazonHomeTest.java:30)
</failure>
    <system-out><![CDATA[F:\nancy_workspace\amazonTestCases\src\main\java\Resources\config.properties
]]></system-out>
  </testcase>
  <testcase name="checkTextEnteredInSearchBox" classname="com.qa.amazonTestCases.AmazonHomeTest" time="0.164"/>
  <testcase name="checkLoginFunctionality" classname="com.qa.amazonTestCases.AmazonHomeTest" time="2.039"/>
</testsuite>